<?xml version="1.0" encoding="UTF-8"?>
<!-- Generated by org.testng.reporters.JUnitReportReporter -->
<testsuite skipped="0" hostname="YY047813" name="com.selenium.test.init.TestNGMultiBrowserTest" tests="4" failures="0" timestamp="22 Apr 2017 08:29:08 GMT" time="17.213" errors="0">
  <testcase name="accountTest" time="3.763" classname="com.selenium.test.init.TestNGMultiBrowserTest"/>
  <testcase name="accountTest" time="3.376" classname="com.selenium.test.init.TestNGMultiBrowserTest"/>
  <testcase name="loginTest" time="5.986" classname="com.selenium.test.init.TestNGMultiBrowserTest"/>
  <testcase name="loginTest" time="4.088" classname="com.selenium.test.init.TestNGMultiBrowserTest"/>
</testsuite> <!-- com.selenium.test.init.TestNGMultiBrowserTest -->
