<?xml version="1.0" encoding="UTF-8"?>
<!-- Generated by org.testng.reporters.JUnitReportReporter -->
<testsuite skipped="0" hostname="YY047813" name="com.selenium.test.init.NewTestNG" tests="1" failures="0" timestamp="21 Apr 2017 13:35:52 GMT" time="6.358" errors="0">
  <testcase name="f" time="6.358" classname="com.selenium.test.init.NewTestNG"/>
</testsuite> <!-- com.selenium.test.init.NewTestNG -->
